[00:00:33] [Server thread/INFO]: hego994 has made the advancement [Isn't It Iron Pick]
[00:02:47] [Server thread/INFO]: [Superpro99871: Teleported Superpro99871 to hego994]
[00:05:30] [Server thread/INFO]: hego994 was slain by Zombie
[00:05:38] [Server thread/INFO]: Superpro99871 was slain by Zombie
[00:11:50] [Server thread/INFO]: [Superpro99871: Teleported Superpro99871 to hego994]
[00:12:57] [Server thread/INFO]: [Superpro99871: Teleported Superpro99871 to hego994]
[00:14:07] [Server thread/INFO]: Superpro99871 fell from a high place
[00:14:57] [Server thread/INFO]: Superpro99871 lost connection: Timed out
[00:14:57] [Server thread/INFO]: Superpro99871 left the game
[00:14:57] [Server thread/WARN]: handleDisconnection() called twice
[00:19:20] [Server thread/INFO]: Superpro99871[/[0:0:0:0:0:0:0:1%0]:37308] logged in with entity id 9057 at (-615.8933930359306, 63.0, -181.08064219531806)
[00:19:20] [Server thread/INFO]: Superpro99871 joined the game
[00:19:59] [Server thread/INFO]: [Superpro99871: Teleported Superpro99871 to hego994]
[00:20:29] [Server thread/INFO]: Superpro99871 has made the advancement [Suit Up]
[00:20:32] [Server thread/INFO]: Villager cpj['Weaponsmith'/599, l='ServerLevel[Negros]', x=-678.18, y=75.00, z=-210.46] died, message: 'Weaponsmith was slain by Zombie'
[00:20:44] [Server thread/INFO]: Villager cpj['Farmer'/593, l='ServerLevel[Negros]', x=-636.07, y=64.00, z=-175.30] died, message: 'Farmer was slain by Zombie'
[00:21:44] [Server thread/INFO]: Superpro99871 was doomed to fall by Zombie
[00:23:12] [Server thread/INFO]: [Superpro99871: Teleported Superpro99871 to hego994]
[00:23:39] [Server thread/INFO]: hego994 was slain by Superpro99871
[00:23:44] [Server thread/INFO]: [Superpro99871: Teleported hego994 to Superpro99871]
[00:26:10] [Server thread/INFO]: hego994 was slain by Superpro99871
[00:26:13] [Server thread/INFO]: [Superpro99871: Teleported hego994 to Superpro99871]
[00:27:51] [Server thread/INFO]: hego994 was burned to a crisp while fighting Superpro99871
[00:27:57] [Server thread/INFO]: [Superpro99871: Teleported hego994 to Superpro99871]
[00:34:19] [Server thread/INFO]: [Superpro99871: Gave 64 [TNT] to Superpro99871]
[00:34:28] [Server thread/INFO]: [Superpro99871: Gave 1 [Flint] to Superpro99871]
[00:36:02] [Server thread/INFO]: hego994 was blown up by Superpro99871
[00:36:14] [Server thread/INFO]: [Superpro99871: Teleported hego994 to Superpro99871]
[00:39:33] [Server thread/INFO]: hego994 was blown up by Superpro99871
[00:39:52] [Server thread/INFO]: [Superpro99871: Teleported Superpro99871 to hego994]
[00:40:51] [Server thread/INFO]: hego994 has made the advancement [Cover Me with Diamonds]
[00:42:39] [Server thread/INFO]: hego994 blew up
[00:42:52] [Server thread/INFO]: hego994 lost connection: Timed out
[00:42:52] [Server thread/INFO]: hego994 left the game
[00:42:52] [Server thread/WARN]: handleDisconnection() called twice
[00:43:25] [Server thread/INFO]: hego994[/[0:0:0:0:0:0:0:1%0]:47848] logged in with entity id 13119 at (-637.6429359285875, 64.0, -168.5714732315948)
[00:43:25] [Server thread/INFO]: hego994 joined the game
[00:44:04] [Server thread/INFO]: Superpro99871 has made the advancement [Sweet Dreams]
[00:45:03] [Server thread/INFO]: [Superpro99871: Gave 1 [Bow] to Superpro99871]
[00:45:49] [Server thread/INFO]: [Superpro99871: Gave 1 [Smithing Table] to Superpro99871]
[00:50:37] [Server thread/INFO]: [Superpro99871: Gave 999 [Yellow Wool] to hego994]
[00:51:17] [Server thread/INFO]: [Superpro99871: Gave 64 [Yellow Wool] to Superpro99871]
[00:52:22] [Server thread/INFO]: Superpro99871 has made the advancement [Take Aim]
[00:52:52] [Server thread/INFO]: [Superpro99871: Gave 64 [Yellow Wool] to Superpro99871]
[00:53:45] [Server thread/INFO]: hego994 was slain by Superpro99871
[00:54:43] [Server thread/INFO]: [Superpro99871: Gave 64 [Yellow Wool] to Superpro99871]
[00:55:40] [Server thread/INFO]: [Superpro99871: Summoned new Skeleton]
[00:55:49] [Server thread/INFO]: hego994 has made the advancement [Enchanter]
[00:56:34] [Server thread/INFO]: hego994 has made the advancement [Not Today, Thank You]
[00:56:49] [Server thread/INFO]: Superpro99871 fell from a high place
[00:57:08] [Server thread/INFO]: hego994 was shot by Superpro99871
[00:57:40] [Server thread/INFO]: Villager cpj['Leatherworker'/627, l='ServerLevel[Negros]', x=-691.70, y=64.19, z=-255.70] died, message: 'Leatherworker was slain by Zombie'
[00:58:22] [Server thread/INFO]: Superpro99871 was doomed to fall by Superpro99871
[00:58:43] [Server thread/INFO]: [Superpro99871: Gave 64 [Yellow Wool] to Superpro99871]
[01:00:11] [Server thread/INFO]: Superpro99871 fell from a high place
[01:01:21] [Server thread/INFO]: [Superpro99871: Gave 64 [Yellow Wool] to Superpro99871]
[01:01:45] [Server thread/INFO]: Superpro99871 fell from a high place
[01:02:40] [Server thread/INFO]: [Superpro99871: Gave 64 [Yellow Wool] to Superpro99871]
[01:04:18] [Server thread/INFO]: [Superpro99871: Gave 64 [Yellow Wool] to Superpro99871]
[01:04:24] [Server thread/INFO]: hego994 was doomed to fall by Superpro99871
[01:04:58] [Server thread/INFO]: Superpro99871 fell from a high place
[01:05:52] [Server thread/INFO]: Superpro99871 fell from a high place
[01:06:02] [Server thread/INFO]: [Superpro99871: Gave 999 [Yellow Wool] to hego994]
[01:06:05] [Server thread/INFO]: [Superpro99871: Gave 64 [Yellow Wool] to Superpro99871]
[01:06:20] [Server thread/INFO]: [Superpro99871: Teleported Superpro99871 to hego994]
[01:06:26] [Server thread/INFO]: Superpro99871 was doomed to fall by hego994
[01:06:31] [Server thread/INFO]: [Superpro99871: Teleported Superpro99871 to hego994]
[01:06:35] [Server thread/INFO]: hego994 was doomed to fall by Superpro99871
[01:06:49] [Server thread/INFO]: Superpro99871 fell from a high place
[01:08:41] [Server thread/INFO]: [Superpro99871: Gave 64 [Yellow Wool] to Superpro99871]
[01:09:10] [Server thread/INFO]: [Superpro99871: Teleported Superpro99871 to hego994]
[01:09:12] [Server thread/INFO]: hego994 was doomed to fall by Superpro99871
[01:09:15] [Server thread/INFO]: Superpro99871 fell from a high place
[01:10:21] [Server thread/INFO]: [Not Secure] <hego994> bhdfhgrgygyur
[01:10:24] [Server thread/INFO]: Superpro99871 fell from a high place
[01:10:55] [Server thread/INFO]: Superpro99871 fell from a high place
[01:10:59] [Server thread/INFO]: [Superpro99871: Gave 64 [Yellow Wool] to Superpro99871]
[01:11:29] [Server thread/INFO]: [Not Secure] <hego994> textoper
[01:12:17] [Server thread/INFO]: [Superpro99871: Gave 64 [Yellow Wool] to Superpro99871]
[01:13:02] [Server thread/INFO]: hego994 was slain by Superpro99871
[01:13:20] [Server thread/INFO]: Superpro99871 fell from a high place
[01:14:20] [Server thread/INFO]: Superpro99871 fell from a high place
[01:15:00] [Server thread/INFO]: [Superpro99871: Gave 64 [Yellow Wool] to Superpro99871]
[01:15:18] [Server thread/INFO]: [Superpro99871: Teleported Superpro99871 to hego994]
[01:15:26] [Server thread/INFO]: Superpro99871 was doomed to fall by hego994
[01:15:29] [Server thread/INFO]: [Superpro99871: Teleported Superpro99871 to hego994]
[01:15:33] [Server thread/INFO]: hego994 was doomed to fall by Superpro99871
[01:16:10] [Server thread/INFO]: Villager cpj['Weaponsmith'/594, l='ServerLevel[Negros]', x=-694.55, y=62.94, z=-254.31] died, message: 'Weaponsmith was slain by Zombie'
[01:16:10] [Server thread/INFO]: Superpro99871 fell from a high place
[01:16:29] [Server thread/INFO]: [Superpro99871: Teleported Superpro99871 to hego994]
